########### array before sorts ###########
0	426.884134	64.970575	408.180459	140.854363	n
1	480.212306	165.711019	408.180463	140.854363	n
2	502.216628	76.435969	480.212303	165.711019	n
3	426.884134	64.970575	502.216628	76.435969	n
4	398.931184	165.242706	362.610822	234.445372	n
5	426.600969	275.818081	362.610822	234.445372	n
6	469.330803	194.403181	426.600969	275.818081	n
7	398.931184	165.242706	469.330803	194.403181	n
8	347.793800	255.911534	295.967563	314.411263	n
9	348.197128	369.895606	295.967563	314.411263	n
10	409.169178	301.072394	348.197131	369.895609	n
11	347.793800	255.911534	409.169178	301.072394	n
12	276.443906	331.707713	212.123741	376.104716	n
13	249.557341	442.476137	212.123741	376.104716	n
14	325.228122	390.244372	249.557341	442.476141	n
15	276.443906	331.707713	325.228122	390.244372	n
16	189.028097	388.226247	115.952059	415.940331	n
17	136.414187	489.341566	115.952059	415.940331	n
18	222.385994	456.736762	136.414187	489.341569	n
19	189.028097	388.226247	222.385994	456.736762	n
20	90.626659	422.182484	13.041669	431.603009	n
21	15.343141	507.768244	13.041669	431.603006	n
22	106.619600	496.685272	15.343141	507.768241	n
23	90.626659	422.182484	106.619600	496.685272	n
24	-13.041669	431.603006	-90.626659	422.182484	n
25	-106.619600	496.685272	-90.626659	422.182484	n
26	-15.343141	507.768244	-106.619600	496.685275	n
27	-13.041669	431.603006	-15.343141	507.768244	n
28	-115.952059	415.940331	-189.028097	388.226247	n
29	-222.385994	456.736762	-189.028097	388.226247	n
30	-136.414187	489.341566	-222.385994	456.736759	n
31	-115.952059	415.940331	-136.414187	489.341566	n
32	-212.123741	376.104716	-276.443906	331.707713	n
33	-325.228122	390.244372	-276.443906	331.707713	n
34	-249.557341	442.476137	-325.228119	390.244369	n
35	-212.123741	376.104716	-249.557341	442.476137	n
36	-295.967563	314.411263	-347.793800	255.911534	n
37	-409.169178	301.072394	-347.793800	255.911534	n
38	-348.197128	369.895606	-409.169175	301.072391	n
39	-295.967563	314.411263	-348.197128	369.895606	n
40	-362.610822	234.445372	-398.931184	165.242706	n
Tolerance=0.050000.
*Tolerance match for i=0 and j=1. Dist=0.000004
*i point 426.884134	64.970575	408.180459	140.854363	y
	*Before fix for Tolerance 	480.212306	165.711019	408.180463	140.854363	n
	*After fix for Tolerance 	480.212306	165.711019	408.180459	140.854363	n
	*Before flip 	480.212306	165.711019	408.180459	140.854363	y
	*After flip 	408.180459	140.854363	480.212306	165.711019	y
*Tolerance match for i=1 and j=2. Dist=0.000003
*i point 408.180459	140.854363	480.212306	165.711019	y
	*Before fix for Tolerance 	502.216628	76.435969	480.212303	165.711019	n
	*After fix for Tolerance 	502.216628	76.435969	480.212306	165.711019	n
	*Before flip 	502.216628	76.435969	480.212306	165.711019	y
	*After flip 	480.212306	165.711019	502.216628	76.435969	y
*Exact match for i=2 and j=3.
*i point 480.212306	165.711019	502.216628	76.435969	y
	*Before flip 	426.884134	64.970575	502.216628	76.435969	y
	*After flip 	502.216628	76.435969	426.884134	64.970575	y
*Exact match for i=4 and j=5.
*i point 398.931184	165.242706	362.610822	234.445372	y
	*Before flip 	426.600969	275.818081	362.610822	234.445372	y
	*After flip 	362.610822	234.445372	426.600969	275.818081	y
*Exact match for i=5 and j=6.
*i point 362.610822	234.445372	426.600969	275.818081	y
	*Before flip 	469.330803	194.403181	426.600969	275.818081	y
	*After flip 	426.600969	275.818081	469.330803	194.403181	y
*Exact match for i=6 and j=7.
*i point 426.600969	275.818081	469.330803	194.403181	y
	*Before flip 	398.931184	165.242706	469.330803	194.403181	y
	*After flip 	469.330803	194.403181	398.931184	165.242706	y
*Exact match for i=8 and j=9.
*i point 347.793800	255.911534	295.967563	314.411263	y
	*Before flip 	348.197128	369.895606	295.967563	314.411263	y
	*After flip 	295.967563	314.411263	348.197128	369.895606	y
*Tolerance match for i=9 and j=10. Dist=0.000004
*i point 295.967563	314.411263	348.197128	369.895606	y
	*Before fix for Tolerance 	409.169178	301.072394	348.197131	369.895609	n
	*After fix for Tolerance 	409.169178	301.072394	348.197128	369.895606	n
	*Before flip 	409.169178	301.072394	348.197128	369.895606	y
	*After flip 	348.197128	369.895606	409.169178	301.072394	y
*Exact match for i=10 and j=11.
*i point 348.197128	369.895606	409.169178	301.072394	y
	*Before flip 	347.793800	255.911534	409.169178	301.072394	y
	*After flip 	409.169178	301.072394	347.793800	255.911534	y
*Exact match for i=12 and j=13.
*i point 276.443906	331.707713	212.123741	376.104716	y
	*Before flip 	249.557341	442.476137	212.123741	376.104716	y
	*After flip 	212.123741	376.104716	249.557341	442.476137	y
*Tolerance match for i=13 and j=14. Dist=0.000004
*i point 212.123741	376.104716	249.557341	442.476137	y
	*Before fix for Tolerance 	325.228122	390.244372	249.557341	442.476141	n
	*After fix for Tolerance 	325.228122	390.244372	249.557341	442.476137	n
	*Before flip 	325.228122	390.244372	249.557341	442.476137	y
	*After flip 	249.557341	442.476137	325.228122	390.244372	y
*Exact match for i=14 and j=15.
*i point 249.557341	442.476137	325.228122	390.244372	y
	*Before flip 	276.443906	331.707713	325.228122	390.244372	y
	*After flip 	325.228122	390.244372	276.443906	331.707713	y
*Exact match for i=16 and j=17.
*i point 189.028097	388.226247	115.952059	415.940331	y
	*Before flip 	136.414187	489.341566	115.952059	415.940331	y
	*After flip 	115.952059	415.940331	136.414187	489.341566	y
*Tolerance match for i=17 and j=18. Dist=0.000003
*i point 115.952059	415.940331	136.414187	489.341566	y
	*Before fix for Tolerance 	222.385994	456.736762	136.414187	489.341569	n
	*After fix for Tolerance 	222.385994	456.736762	136.414187	489.341566	n
	*Before flip 	222.385994	456.736762	136.414187	489.341566	y
	*After flip 	136.414187	489.341566	222.385994	456.736762	y
*Exact match for i=18 and j=19.
*i point 136.414187	489.341566	222.385994	456.736762	y
	*Before flip 	189.028097	388.226247	222.385994	456.736762	y
	*After flip 	222.385994	456.736762	189.028097	388.226247	y
*Tolerance match for i=20 and j=21. Dist=0.000003
*i point 90.626659	422.182484	13.041669	431.603009	y
	*Before fix for Tolerance 	15.343141	507.768244	13.041669	431.603006	n
	*After fix for Tolerance 	15.343141	507.768244	13.041669	431.603009	n
	*Before flip 	15.343141	507.768244	13.041669	431.603009	y
	*After flip 	13.041669	431.603009	15.343141	507.768244	y
*Tolerance match for i=21 and j=22. Dist=0.000003
*i point 13.041669	431.603009	15.343141	507.768244	y
	*Before fix for Tolerance 	106.619600	496.685272	15.343141	507.768241	n
	*After fix for Tolerance 	106.619600	496.685272	15.343141	507.768244	n
	*Before flip 	106.619600	496.685272	15.343141	507.768244	y
	*After flip 	15.343141	507.768244	106.619600	496.685272	y
*Exact match for i=22 and j=23.
*i point 15.343141	507.768244	106.619600	496.685272	y
	*Before flip 	90.626659	422.182484	106.619600	496.685272	y
	*After flip 	106.619600	496.685272	90.626659	422.182484	y
*Exact match for i=24 and j=25.
*i point -13.041669	431.603006	-90.626659	422.182484	y
	*Before flip 	-106.619600	496.685272	-90.626659	422.182484	y
	*After flip 	-90.626659	422.182484	-106.619600	496.685272	y
*Tolerance match for i=25 and j=26. Dist=0.000003
*i point -90.626659	422.182484	-106.619600	496.685272	y
	*Before fix for Tolerance 	-15.343141	507.768244	-106.619600	496.685275	n
	*After fix for Tolerance 	-15.343141	507.768244	-106.619600	496.685272	n
	*Before flip 	-15.343141	507.768244	-106.619600	496.685272	y
	*After flip 	-106.619600	496.685272	-15.343141	507.768244	y
*Exact match for i=26 and j=27.
*i point -106.619600	496.685272	-15.343141	507.768244	y
	*Before flip 	-13.041669	431.603006	-15.343141	507.768244	y
	*After flip 	-15.343141	507.768244	-13.041669	431.603006	y
*Exact match for i=28 and j=29.
*i point -115.952059	415.940331	-189.028097	388.226247	y
	*Before flip 	-222.385994	456.736762	-189.028097	388.226247	y
	*After flip 	-189.028097	388.226247	-222.385994	456.736762	y
*Tolerance match for i=29 and j=30. Dist=0.000003
*i point -189.028097	388.226247	-222.385994	456.736762	y
	*Before fix for Tolerance 	-136.414187	489.341566	-222.385994	456.736759	n
	*After fix for Tolerance 	-136.414187	489.341566	-222.385994	456.736762	n
	*Before flip 	-136.414187	489.341566	-222.385994	456.736762	y
	*After flip 	-222.385994	456.736762	-136.414187	489.341566	y
*Exact match for i=30 and j=31.
*i point -222.385994	456.736762	-136.414187	489.341566	y
	*Before flip 	-115.952059	415.940331	-136.414187	489.341566	y
	*After flip 	-136.414187	489.341566	-115.952059	415.940331	y
*Exact match for i=32 and j=33.
*i point -212.123741	376.104716	-276.443906	331.707713	y
	*Before flip 	-325.228122	390.244372	-276.443906	331.707713	y
	*After flip 	-276.443906	331.707713	-325.228122	390.244372	y
*Tolerance match for i=33 and j=34. Dist=0.000004
*i point -276.443906	331.707713	-325.228122	390.244372	y
	*Before fix for Tolerance 	-249.557341	442.476137	-325.228119	390.244369	n
	*After fix for Tolerance 	-249.557341	442.476137	-325.228122	390.244372	n
	*Before flip 	-249.557341	442.476137	-325.228122	390.244372	y
	*After flip 	-325.228122	390.244372	-249.557341	442.476137	y
*Exact match for i=34 and j=35.
*i point -325.228122	390.244372	-249.557341	442.476137	y
	*Before flip 	-212.123741	376.104716	-249.557341	442.476137	y
	*After flip 	-249.557341	442.476137	-212.123741	376.104716	y
*Exact match for i=36 and j=37.
*i point -295.967563	314.411263	-347.793800	255.911534	y
	*Before flip 	-409.169178	301.072394	-347.793800	255.911534	y
	*After flip 	-347.793800	255.911534	-409.169178	301.072394	y
*Tolerance match for i=37 and j=38. Dist=0.000004
*i point -347.793800	255.911534	-409.169178	301.072394	y
	*Before fix for Tolerance 	-348.197128	369.895606	-409.169175	301.072391	n
	*After fix for Tolerance 	-348.197128	369.895606	-409.169178	301.072394	n
	*Before flip 	-348.197128	369.895606	-409.169178	301.072394	y
	*After flip 	-409.169178	301.072394	-348.197128	369.895606	y
*Exact match for i=38 and j=39.
*i point -409.169178	301.072394	-348.197128	369.895606	y
	*Before flip 	-295.967563	314.411263	-348.197128	369.895606	y
	*After flip 	-348.197128	369.895606	-295.967563	314.411263	y
No match for i=40.
########### array after sorts ###########
0	426.884134	64.970575	408.180459	140.854363	y
1	408.180459	140.854363	480.212306	165.711019	y
2	480.212306	165.711019	502.216628	76.435969	y
3	502.216628	76.435969	426.884134	64.970575	y
4	398.931184	165.242706	362.610822	234.445372	y
5	362.610822	234.445372	426.600969	275.818081	y
6	426.600969	275.818081	469.330803	194.403181	y
7	469.330803	194.403181	398.931184	165.242706	y
8	347.793800	255.911534	295.967563	314.411263	y
9	295.967563	314.411263	348.197128	369.895606	y
10	348.197128	369.895606	409.169178	301.072394	y
11	409.169178	301.072394	347.793800	255.911534	y
12	276.443906	331.707713	212.123741	376.104716	y
13	212.123741	376.104716	249.557341	442.476137	y
14	249.557341	442.476137	325.228122	390.244372	y
15	325.228122	390.244372	276.443906	331.707713	y
16	189.028097	388.226247	115.952059	415.940331	y
17	115.952059	415.940331	136.414187	489.341566	y
18	136.414187	489.341566	222.385994	456.736762	y
19	222.385994	456.736762	189.028097	388.226247	y
20	90.626659	422.182484	13.041669	431.603009	y
21	13.041669	431.603009	15.343141	507.768244	y
22	15.343141	507.768244	106.619600	496.685272	y
23	106.619600	496.685272	90.626659	422.182484	y
24	-13.041669	431.603006	-90.626659	422.182484	y
25	-90.626659	422.182484	-106.619600	496.685272	y
26	-106.619600	496.685272	-15.343141	507.768244	y
27	-15.343141	507.768244	-13.041669	431.603006	y
28	-115.952059	415.940331	-189.028097	388.226247	y
29	-189.028097	388.226247	-222.385994	456.736762	y
30	-222.385994	456.736762	-136.414187	489.341566	y
31	-136.414187	489.341566	-115.952059	415.940331	y
32	-212.123741	376.104716	-276.443906	331.707713	y
33	-276.443906	331.707713	-325.228122	390.244372	y
34	-325.228122	390.244372	-249.557341	442.476137	y
35	-249.557341	442.476137	-212.123741	376.104716	y
36	-295.967563	314.411263	-347.793800	255.911534	y
37	-347.793800	255.911534	-409.169178	301.072394	y
38	-409.169178	301.072394	-348.197128	369.895606	y
39	-348.197128	369.895606	-295.967563	314.411263	y
40	-362.610822	234.445372	-398.931184	165.242706	y
***************
LAYER 100 IDFDebug;SET COLOR_LAYER 100 red;CIRCLE (-15.705961 6.505622) (-15.627220 6.505622);change width 0.01;
SET Wire_Bend 2;
WIRE ( 16.806471 2.557898) (16.070105 5.545450);WIRE ( 16.070105 5.545450) (18.906007 6.524059);WIRE ( 18.906007 6.524059) (19.772319 3.009292);WIRE ( 19.772319 3.009292) (16.806471 2.557898);WIRE ( 15.705961 6.505622) (14.276024 9.230138);WIRE ( 14.276024 9.230138) (16.795323 10.858985);WIRE ( 16.795323 10.858985) (18.477601 7.653673);WIRE ( 18.477601 7.653673) (15.705961 6.505622);WIRE ( 13.692677 10.075263) (11.652273 12.378403);WIRE ( 11.652273 12.378403) (13.708556 14.562827);WIRE ( 13.708556 14.562827) (16.109031 11.853250);WIRE ( 16.109031 11.853250) (13.692677 10.075263);WIRE ( 10.883624 13.059366) (8.351333 14.807280);WIRE ( 8.351333 14.807280) (9.825097 17.420330);WIRE ( 9.825097 17.420330) (12.804264 15.363960);WIRE ( 12.804264 15.363960) (10.883624 13.059366);WIRE ( 7.442055 15.284506) (4.565044 16.375612);WIRE ( 4.565044 16.375612) (5.370640 19.265426);WIRE ( 5.370640 19.265426) (8.755359 17.981772);WIRE ( 8.755359 17.981772) (7.442055 15.284506);WIRE ( 3.567981 16.621367) (0.513452 16.992254);WIRE ( 0.513452 16.992254) (0.604061 19.990887);WIRE ( 0.604061 19.990887) (4.197624 19.554549);WIRE ( 4.197624 19.554549) (3.567981 16.621367);WIRE ( -0.513452 16.992254) (-3.567981 16.621367);WIRE ( -3.567981 16.621367) (-4.197624 19.554549);WIRE ( -4.197624 19.554549) (-0.604061 19.990887);WIRE ( -0.604061 19.990887) (-0.513452 16.992254);WIRE ( -4.565044 16.375612) (-7.442055 15.284506);WIRE ( -7.442055 15.284506) (-8.755359 17.981772);WIRE ( -8.755359 17.981772) (-5.370640 19.265426);WIRE ( -5.370640 19.265426) (-4.565044 16.375612);WIRE ( -8.351333 14.807280) (-10.883624 13.059366);WIRE ( -10.883624 13.059366) (-12.804264 15.363960);WIRE ( -12.804264 15.363960) (-9.825097 17.420330);WIRE ( -9.825097 17.420330) (-8.351333 14.807280);WIRE ( -11.652273 12.378403) (-13.692677 10.075263);WIRE ( -13.692677 10.075263) (-16.109031 11.853250);WIRE ( -16.109031 11.853250) (-13.708556 14.562827);WIRE ( -13.708556 14.562827) (-11.652273 12.378403);WIRE ( -14.276024 9.230138) (-15.705961 6.505622);DISPLAY NONE;DISPLAY 20 100;WINDOW FIT;***************
.BOARD_OUTLINE UNOWNED
1.6
0     426.884134     64.970575     0
0     408.180459     140.854363     0
0     480.212306     165.711019     0
0     502.216628     76.435969     0
0     426.884134     64.970575     0
1     398.931184     165.242706     0
1     362.610822     234.445372     0
1     426.600969     275.818081     0
1     469.330803     194.403181     0
1     398.931184     165.242706     0
2     347.793800     255.911534     0
2     295.967563     314.411263     0
2     348.197128     369.895606     0
2     409.169178     301.072394     0
2     347.793800     255.911534     0
3     276.443906     331.707713     0
3     212.123741     376.104716     0
3     249.557341     442.476137     0
3     325.228122     390.244372     0
3     276.443906     331.707713     0
4     189.028097     388.226247     0
4     115.952059     415.940331     0
4     136.414187     489.341566     0
4     222.385994     456.736762     0
4     189.028097     388.226247     0
5     90.626659     422.182484     0
5     13.041669     431.603009     0
5     15.343141     507.768244     0
5     106.619600     496.685272     0
5     90.626659     422.182484     0
6     -13.041669     431.603006     0
6     -90.626659     422.182484     0
6     -106.619600     496.685272     0
6     -15.343141     507.768244     0
6     -13.041669     431.603006     0
7     -115.952059     415.940331     0
7     -189.028097     388.226247     0
7     -222.385994     456.736762     0
7     -136.414187     489.341566     0
7     -115.952059     415.940331     0
8     -212.123741     376.104716     0
8     -276.443906     331.707713     0
8     -325.228122     390.244372     0
8     -249.557341     442.476137     0
8     -212.123741     376.104716     0
9     -295.967563     314.411263     0
9     -347.793800     255.911534     0
9     -409.169178     301.072394     0
9     -348.197128     369.895606     0
9     -295.967563     314.411263     0
10     -362.610822     234.445372     0
